0 info it worked if it ends with ok
1 verbose cli [ 'C:\\Program Files (x86)\\nodejs\\\\node.exe',
1 verbose cli   'C:\\Program Files (x86)\\nodejs\\node_modules\\npm\\bin\\npm-cli.js',
1 verbose cli   'install',
1 verbose cli   '-g',
1 verbose cli   'nodemon' ]
2 info using npm@1.1.49
3 info using node@v0.8.7
4 verbose node symlink C:\Program Files (x86)\nodejs\\node.exe
5 verbose read json C:\Program Files (x86)\nodejs\package.json
6 verbose read json C:\Program Files (x86)\nodejs\package.json
7 verbose cache add [ 'nodemon', null ]
8 silly cache add name=undefined spec="nodemon" args=["nodemon",null]
9 verbose parsed url { pathname: 'nodemon', path: 'nodemon', href: 'nodemon' }
10 silly lockFile 1625b929-nodemon nodemon
11 verbose lock nodemon C:\Users\Kep\AppData\Roaming\npm-cache\1625b929-nodemon.lock
12 silly lockFile 1625b929-nodemon nodemon
13 verbose addNamed [ 'nodemon', '' ]
14 verbose addNamed [ null, '' ]
15 silly lockFile 4f5e51c6-nodemon nodemon@
16 verbose lock nodemon@ C:\Users\Kep\AppData\Roaming\npm-cache\4f5e51c6-nodemon.lock
17 silly addNameRange { name: 'nodemon', range: '', hasData: false }
18 verbose url raw nodemon
19 verbose url resolving [ 'https://registry.npmjs.org/', './nodemon' ]
20 verbose url resolved https://registry.npmjs.org/nodemon
21 info retry registry request attempt 1 at 12:37:29
22 verbose etag "69XO75I8L70G8URIC5NZQBDZ2"
23 http GET https://registry.npmjs.org/nodemon
24 http 200 https://registry.npmjs.org/nodemon
25 silly registry.get cb [ 200,
25 silly registry.get   { vary: 'Accept',
25 silly registry.get     server: 'CouchDB/1.2.1 (Erlang OTP/R15B03)',
25 silly registry.get     etag: '"BLQ5F09IPGW5YV7XSTI7KXPYY"',
25 silly registry.get     date: 'Mon, 18 Feb 2013 20:37:30 GMT',
25 silly registry.get     'content-type': 'application/json',
25 silly registry.get     'content-length': '232139' } ]
26 silly addNameRange number 2 { name: 'nodemon', range: '', hasData: true }
27 silly addNameRange versions [ 'nodemon',
27 silly addNameRange   [ '0.1.4',
27 silly addNameRange     '0.1.5',
27 silly addNameRange     '0.1.6',
27 silly addNameRange     '0.1.7',
27 silly addNameRange     '0.1.8',
27 silly addNameRange     '0.2.0',
27 silly addNameRange     '0.2.1',
27 silly addNameRange     '0.2.2',
27 silly addNameRange     '0.3.0',
27 silly addNameRange     '0.3.1',
27 silly addNameRange     '0.3.2',
27 silly addNameRange     '0.4.0',
27 silly addNameRange     '0.4.1',
27 silly addNameRange     '0.5.0',
27 silly addNameRange     '0.5.1',
27 silly addNameRange     '0.5.2',
27 silly addNameRange     '0.5.3',
27 silly addNameRange     '0.5.4',
27 silly addNameRange     '0.5.5',
27 silly addNameRange     '0.5.6',
27 silly addNameRange     '0.5.7',
27 silly addNameRange     '0.6.0',
27 silly addNameRange     '0.6.1',
27 silly addNameRange     '0.6.2',
27 silly addNameRange     '0.6.3',
27 silly addNameRange     '0.6.4',
27 silly addNameRange     '0.6.5',
27 silly addNameRange     '0.6.6',
27 silly addNameRange     '0.6.7',
27 silly addNameRange     '0.6.8',
27 silly addNameRange     '0.6.9',
27 silly addNameRange     '0.6.10',
27 silly addNameRange     '0.6.10a',
27 silly addNameRange     '0.6.11',
27 silly addNameRange     '0.6.12',
27 silly addNameRange     '0.6.13',
27 silly addNameRange     '0.6.14',
27 silly addNameRange     '0.6.15',
27 silly addNameRange     '0.6.16',
27 silly addNameRange     '0.6.17',
27 silly addNameRange     '0.6.18',
27 silly addNameRange     '0.6.19',
27 silly addNameRange     '0.6.20',
27 silly addNameRange     '0.6.21',
27 silly addNameRange     '0.6.22',
27 silly addNameRange     '0.6.23',
27 silly addNameRange     '0.7.0',
27 silly addNameRange     '0.7.1',
27 silly addNameRange     '0.7.2' ] ]
28 verbose addNamed [ 'nodemon', '0.7.2' ]
29 verbose addNamed [ '0.7.2', '0.7.2' ]
30 silly lockFile 4580c344-nodemon-0-7-2 nodemon@0.7.2
31 verbose lock nodemon@0.7.2 C:\Users\Kep\AppData\Roaming\npm-cache\4580c344-nodemon-0-7-2.lock
32 silly lockFile 5fc0ebcf-js-org-nodemon-nodemon-0-7-2-tgz https://registry.npmjs.org/nodemon/-/nodemon-0.7.2.tgz
33 verbose lock https://registry.npmjs.org/nodemon/-/nodemon-0.7.2.tgz C:\Users\Kep\AppData\Roaming\npm-cache\5fc0ebcf-js-org-nodemon-nodemon-0-7-2-tgz.lock
34 verbose addRemoteTarball [ 'https://registry.npmjs.org/nodemon/-/nodemon-0.7.2.tgz',
34 verbose addRemoteTarball   '7f15e7a88c669b872a7de46e76a42a88f677f184' ]
35 info retry fetch attempt 1 at 12:37:31
36 verbose fetch to= C:\Users\Kep\AppData\Local\Temp\npm-4916\1361219851155-0.9410520368255675\tmp.tgz
37 http GET https://registry.npmjs.org/nodemon/-/nodemon-0.7.2.tgz
38 http 200 https://registry.npmjs.org/nodemon/-/nodemon-0.7.2.tgz
39 silly shasum updated bytes 11442
40 info shasum 7f15e7a88c669b872a7de46e76a42a88f677f184
40 info shasum C:\Users\Kep\AppData\Local\Temp\npm-4916\1361219851155-0.9410520368255675\tmp.tgz
41 verbose tar unpack C:\Users\Kep\AppData\Local\Temp\npm-4916\1361219851155-0.9410520368255675\tmp.tgz
42 silly lockFile 18d47c04-51155-0-9410520368255675-package C:\Users\Kep\AppData\Local\Temp\npm-4916\1361219851155-0.9410520368255675\package
43 verbose lock C:\Users\Kep\AppData\Local\Temp\npm-4916\1361219851155-0.9410520368255675\package C:\Users\Kep\AppData\Roaming\npm-cache\18d47c04-51155-0-9410520368255675-package.lock
44 silly gunzTarPerm modes [ '777', '666' ]
45 silly gunzTarPerm extractEntry package.json
46 silly gunzTarPerm modified mode [ 'package.json', 420, 438 ]
47 silly gunzTarPerm extractEntry .npmignore
48 silly gunzTarPerm modified mode [ '.npmignore', 420, 438 ]
49 silly gunzTarPerm extractEntry README.md
50 silly gunzTarPerm modified mode [ 'README.md', 420, 438 ]
51 silly gunzTarPerm extractEntry nodemon.js
52 silly gunzTarPerm modified mode [ 'nodemon.js', 493, 511 ]
53 silly gunzTarPerm extractEntry nodemonignore.example
54 silly gunzTarPerm modified mode [ 'nodemonignore.example', 420, 438 ]
55 verbose read json C:\Users\Kep\AppData\Local\Temp\npm-4916\1361219851155-0.9410520368255675\package\package.json
56 silly lockFile 18d47c04-51155-0-9410520368255675-package C:\Users\Kep\AppData\Local\Temp\npm-4916\1361219851155-0.9410520368255675\package
57 verbose from cache C:\Users\Kep\AppData\Local\Temp\npm-4916\1361219851155-0.9410520368255675\package\package.json
58 verbose tar pack [ 'C:\\Users\\Kep\\AppData\\Roaming\\npm-cache\\nodemon\\0.7.2\\package.tgz',
58 verbose tar pack   'C:\\Users\\Kep\\AppData\\Local\\Temp\\npm-4916\\1361219851155-0.9410520368255675\\package' ]
59 verbose tarball C:\Users\Kep\AppData\Roaming\npm-cache\nodemon\0.7.2\package.tgz
60 verbose folder C:\Users\Kep\AppData\Local\Temp\npm-4916\1361219851155-0.9410520368255675\package
61 silly lockFile 799773f1--cache-nodemon-0-7-2-package-tgz C:\Users\Kep\AppData\Roaming\npm-cache\nodemon\0.7.2\package.tgz
62 verbose lock C:\Users\Kep\AppData\Roaming\npm-cache\nodemon\0.7.2\package.tgz C:\Users\Kep\AppData\Roaming\npm-cache\799773f1--cache-nodemon-0-7-2-package-tgz.lock
63 silly lockFile 799773f1--cache-nodemon-0-7-2-package-tgz C:\Users\Kep\AppData\Roaming\npm-cache\nodemon\0.7.2\package.tgz
64 silly lockFile 1ab6db69--npm-cache-nodemon-0-7-2-package C:\Users\Kep\AppData\Roaming\npm-cache\nodemon\0.7.2\package
65 verbose lock C:\Users\Kep\AppData\Roaming\npm-cache\nodemon\0.7.2\package C:\Users\Kep\AppData\Roaming\npm-cache\1ab6db69--npm-cache-nodemon-0-7-2-package.lock
66 silly lockFile 1ab6db69--npm-cache-nodemon-0-7-2-package C:\Users\Kep\AppData\Roaming\npm-cache\nodemon\0.7.2\package
67 verbose tar unpack C:\Users\Kep\AppData\Roaming\npm-cache\nodemon\0.7.2\package.tgz
68 silly lockFile 1ab6db69--npm-cache-nodemon-0-7-2-package C:\Users\Kep\AppData\Roaming\npm-cache\nodemon\0.7.2\package
69 verbose lock C:\Users\Kep\AppData\Roaming\npm-cache\nodemon\0.7.2\package C:\Users\Kep\AppData\Roaming\npm-cache\1ab6db69--npm-cache-nodemon-0-7-2-package.lock
70 silly gunzTarPerm modes [ '777', '666' ]
71 silly gunzTarPerm extractEntry package.json
72 silly gunzTarPerm extractEntry .npmignore
73 silly gunzTarPerm extractEntry README.md
74 silly gunzTarPerm extractEntry nodemon.js
75 silly gunzTarPerm extractEntry nodemonignore.example
76 verbose read json C:\Users\Kep\AppData\Roaming\npm-cache\nodemon\0.7.2\package\package.json
77 silly lockFile 1ab6db69--npm-cache-nodemon-0-7-2-package C:\Users\Kep\AppData\Roaming\npm-cache\nodemon\0.7.2\package
78 silly shasum updated bytes 11383
79 info shasum fc628116a05cff9710ac2311c8b48fabdec9ba32
79 info shasum C:\Users\Kep\AppData\Roaming\npm-cache\nodemon\0.7.2\package.tgz
80 verbose from cache C:\Users\Kep\AppData\Roaming\npm-cache\nodemon\0.7.2\package\package.json
81 verbose chmod C:\Users\Kep\AppData\Roaming\npm-cache\nodemon\0.7.2\package.tgz 666
82 silly chown skipping for windows C:\Users\Kep\AppData\Roaming\npm-cache\nodemon\0.7.2\package.tgz
83 silly lockFile 5fc0ebcf-js-org-nodemon-nodemon-0-7-2-tgz https://registry.npmjs.org/nodemon/-/nodemon-0.7.2.tgz
84 silly lockFile 4580c344-nodemon-0-7-2 nodemon@0.7.2
85 silly lockFile 4f5e51c6-nodemon nodemon@
86 silly resolved [ { name: 'nodemon',
86 silly resolved     homepage: 'http://github.com/remy/nodemon',
86 silly resolved     author: { name: 'Remy Sharp', url: 'http://github.com/remy' },
86 silly resolved     bin: { nodemon: './nodemon.js' },
86 silly resolved     repository: { type: 'git', url: 'http://github.com/remy/nodemon.git' },
86 silly resolved     description: 'Simple monitor script for use during development of a node.js app.',
86 silly resolved     keywords:
86 silly resolved      [ 'monitor',
86 silly resolved        'development',
86 silly resolved        'restart',
86 silly resolved        'autoload',
86 silly resolved        'reload',
86 silly resolved        'terminal' ],
86 silly resolved     version: '0.7.2',
86 silly resolved     preferGlobal: 'true',
86 silly resolved     licenses: [ [Object] ],
86 silly resolved     main: './nodemon',
86 silly resolved     readme: '# nodemon\n\nFor use during development of a node.js based application. \n\nnodemon will watch the files in the directory that nodemon was started, and if they change, it will automatically restart your node application.\n\nnodemon does **not** require *any* changes to your code or method of development. nodemon simply wraps your node application and keeps an eye on any files that have changed. Remember that nodemon is a replacement wrapper for `node`, think of it as replacing the word "node" on the command line when you run your script.\n\n# Installation\n\nEither through forking or by using [npm](http://npmjs.org) (the recommended way):\n\n    npm install nodemon -g\n    \nAnd nodemon will be installed in to your bin path. Note that as of npm v1, you must explicitly tell npm to install globally as nodemon is a command line utility.\n\n# Usage\n\nnodemon wraps your application, so you can pass all the arguments you would normally pass to your app:\n\n    nodemon [your node app]\n\nFor example, if my application accepted a host and port as the arguments, I would start it as so:\n\n    nodemon ./server.js localhost 8080\n\nAny output from this script is prefixed with `[nodemon]`, otherwise all output from your application, errors included, will be echoed out as expected.\n\nnodemon also supports running and monitoring [coffee-script](http://jashkenas.github.com/coffee-script/) apps:\n\n    nodemon server.coffee\n\nIf no script is given, nodemon will test for a `package.json` file and if found, will run the file associated with the *main* property ([ref](https://github.com/remy/nodemon/issues/14)).\n\nYou can also pass the debug flag to node through the command line as you would normally:\n\n    nodemon --debug ./server.js 80\n\nIf you have a `package.json` file for your app, you can omit the main script entirely and nodemon will read the `package.json` for the `main` property and use that value as the app.\n\n# Automatic re-running\n\nnodemon was original written to restart hanging processes such as web servers, but now supports apps that cleanly exit. If your script exits cleanly, nodemon will continue to monitor the directory (or directories) and restart the script if there are any changes.\n\n# Running non-node scripts\n\nnodemon can also be used to execute and monitor other programs. nodemon will read the file extension of the script being run and monitor that extension instead of .js if there\'s no .nodemonignore:\n\n    nodemon --exec "python -v" ./app.py\n\nNow nodemon will run `app.py` with python in verbose mode (note that if you\'re not passing args to the exec program, you don\'t need the quotes), and look for new or modified files with the `.py` extension.\n\n# Monitoring multiple directories\n\nBy default nodemon monitors the current working directory. If you want to take control of that option, use the `--watch` option to add specific paths:\n\n    nodemon --watch app --watch libs app/server.js\n\nNow nodemon will only restart if there are changes in the `./app` or `./libs` directory. By default nodemon will traverse sub-directories, so there\'s no need in explicitly including sub-directories.\n\n# Specifying extension watch list\n\nBy default, nodemon looks for files with the `.js` extension. If you use the `--exec` option and monitor `app.py` nodemon will monitor files with the extension of `.py`. However, you can specify your own list with the `-e` switch like so:\n\n    nodemon --ext \'.js|.css|.html\'\n    \nOr with alternative syntax:\n\n    nodemon -e js,css,html\n\nNow nodemon will restart on any changes to files in the directory (or subdirectories) with the extensions .js, .css or .html.\n\n# Delaying restarting\n\nIn some situations, you may want to wait until a number of files have changed. The timeout before checking for new file changes is 1 second. If you\'re uploading a number of files and it\'s taking some number of seconds, this could cause your app to restart multiple time unnecessarily.\n\nTo add an extra throttle, or delay restarting, use the `--delay` command:\n\n    nodemon --delay 10 server.js\n\nThe delay figure is number of seconds to delay before restarting. So nodemon will only restart your app the given number of seconds after the *last* file change.\n\n# Ignoring files\n\nBy default, if nodemon will only restart when a `.js` JavaScript file changes.  In some cases you will want to ignore some specific files, directories or file patterns, to prevent nodemon from prematurely restarting your application.\n\nYou can use the [example ignore file](http://github.com/remy/nodemon/blob/master/nodemonignore.example) (note that this example file is not hidden - you must rename it to `.nodemonignore`) as a basis for your nodemon, but it\'s very simple to create your own:\n\n    # this is my ignore file with a nice comment at the top\n    \n    /vendor/*     # ignore all external submodules\n    /public/*     # static files\n    ./README.md   # a specific file\n    *.css         # ignore any CSS files too\n    :(\\d)*\\.js    # monitor javascript files with only digits in their name\n\nThe ignore file accepts:\n\n* Comments starting with a `#` symbol\n* Blank lines\n* Specific files\n* File patterns (this is converted to a regex, so you have full control of the pattern)\n* Unescaped regex\'s begining with `:`.\n\n# Controlling shutdown of your script\n\nnodemon sends a kill signal to your application when it sees a file update. If you need to clean up on shutdown inside your script you can capture the kill signal and handle it yourself.\n\nThe following example will listen once for the `SIGUSR2` signal (used by nodemon to restart), run the clean up process and then kill itself for nodemon to continue control:\n\n    process.once(\'SIGUSR2\', function () {\n      gracefulShutdown(function () {\n        process.kill(process.pid, \'SIGUSR2\'); \n      })\n    });\n\nNote that the `process.kill` is *only* called once your shutdown jobs are complete. Hat tip to [Benjie Gillam](http://www.benjiegillam.com/2011/08/node-js-clean-restart-and-faster-development-with-nodemon/) for writing technique this up.\n\n\n# Using nodemon with forever\n\nIf you\'re using nodemon with [forever](https://github.com/nodejitsu/forever) (perhaps in a production environment) you can combine the two together. This way if the script crashes, forever restarts the script, and if there are file changes, nodemon restarts your script. For more detail, see [issue 30](https://github.com/remy/nodemon/issues/30).\n\nTo acheive this you need to include the `--exitcrash` flag to ensure nodemon exits if the script crashes (or exits unexpectedly):\n\n    forever nodemon --exitcrash server.js\n\nTo test this, you can kill the server.js process and forever will restart it. If you `touch server.js` nodemon will restart it.\n\nNote that I *would not* recommend using nodemon in a production environment - but that\'s because I wouldn\'t want it restart without my explicit instruction.\n\n# Help! My changes aren\'t being detected!\n\nnodemon has three potential methods it uses to look for file changes. First, it polls using the find command to search for files modified within the last second. This method works on systems with a BSD based find (Mac, for example). \n\nNext it tries using node\'s fs.watch. fs.watch will not always work however, and nodemon will try and detect if this is the case by writing a file to the tmp directory and seeing if fs.watch is triggered when it\'s removed. If nodemon finds that fs.watch was not triggered, it will then fall back to the third method (called legacy watch), which works by statting each file in your working directory looking for changes to the last modified time. This is the most cpu intensive method, but it may be the only option on some systems.\n\nIn certain cases, like when where you are working on a different drive than your tmp directory is on, fs.watch may give you a false positive. You can force nodemon to start using the most compatible legacy method by passing the -L switch, e.g. `nodemon -L /my/odd/file.js`.\n\n# License\n\nMIT [http://rem.mit-license.org](http://rem.mit-license.org)\n',
86 silly resolved     _id: 'nodemon@0.7.2',
86 silly resolved     dist: { shasum: 'fc628116a05cff9710ac2311c8b48fabdec9ba32' },
86 silly resolved     _from: 'nodemon' } ]
87 info install nodemon@0.7.2 into C:\Program Files (x86)\nodejs
88 info installOne nodemon@0.7.2
89 verbose from cache C:\Users\Kep\AppData\Roaming\npm-cache\nodemon\0.7.2\package\package.json
90 info C:\Program Files (x86)\nodejs\node_modules\nodemon unbuild
91 verbose read json C:\Program Files (x86)\nodejs\node_modules\nodemon\package.json
92 info preuninstall nodemon@0.6.23
93 info uninstall nodemon@0.6.23
94 verbose true,C:\Program Files (x86)\nodejs\node_modules,C:\Program Files (x86)\nodejs\node_modules unbuild nodemon@0.6.23
95 verbose C:\Program Files (x86)\nodejs,[object Object] binRoot
96 info C:\Program Files (x86)\nodejs\node_modules\nodemon unbuild
97 verbose read json C:\Program Files (x86)\nodejs\node_modules\nodemon\package.json
98 info preuninstall nodemon@0.6.23
99 info uninstall nodemon@0.6.23
100 verbose true,C:\Program Files (x86)\nodejs\node_modules,C:\Program Files (x86)\nodejs\node_modules unbuild nodemon@0.6.23
101 verbose C:\Program Files (x86)\nodejs,[object Object] binRoot
102 error error rolling back Error: EPERM, unlink 'C:\Program Files (x86)\nodejs\nodemon.cmd'
102 error error rolling back  nodemon@0.7.2 { [Error: EPERM, unlink 'C:\Program Files (x86)\nodejs\nodemon.cmd']
102 error error rolling back   errno: 50,
102 error error rolling back   code: 'EPERM',
102 error error rolling back   path: 'C:\\Program Files (x86)\\nodejs\\nodemon.cmd' }
103 error Error: EPERM, unlink 'C:\Program Files (x86)\nodejs\nodemon.cmd'
103 error  { [Error: EPERM, unlink 'C:\Program Files (x86)\nodejs\nodemon.cmd']
103 error   errno: 50,
103 error   code: 'EPERM',
103 error   path: 'C:\\Program Files (x86)\\nodejs\\nodemon.cmd' }
104 error Please try running this command again as root/Administrator.
105 error System Windows_NT 6.1.7600
106 error command "C:\\Program Files (x86)\\nodejs\\\\node.exe" "C:\\Program Files (x86)\\nodejs\\node_modules\\npm\\bin\\npm-cli.js" "install" "-g" "nodemon"
107 error cwd C:\Users\Kep\dev\liftoff
108 error node -v v0.8.7
109 error npm -v 1.1.49
110 error path C:\Program Files (x86)\nodejs\nodemon.cmd
111 error code EPERM
112 error errno 50
113 error stack Error: EPERM, unlink 'C:\Program Files (x86)\nodejs\nodemon.cmd'
114 verbose exit [ 50, true ]
